2018-08-14 17:05:08 [INFO] [org.springframework.boot.StartupInfoLogger:50] - Starting ServersApplication on DELL-PC17 with PID 51216 (E:\company\ServerApplications\servers\target\classes started by DELL in E:\company\ServerApplications) 
2018-08-14 17:05:08 [INFO] [org.springframework.boot.SpringApplication:662] - No active profile set, falling back to default profiles: default 
2018-08-14 17:05:08 [INFO] [org.springframework.context.support.AbstractApplicationContext:590] - Refreshing org.springframework.boot.web.servlet.context.AnnotationConfigServletWebServerApplicationContext@4b1d6571: startup date [Tue Aug 14 17:05:08 CST 2018]; root of context hierarchy 
2018-08-14 17:05:08 [INFO] [org.springframework.context.support.AbstractApplicationContext:590] - Refreshing org.springframework.boot.web.servlet.context.AnnotationConfigServletWebServerApplicationContext@4b1d6571: startup date [Tue Aug 14 17:05:08 CST 2018]; root of context hierarchy 
2018-08-14 17:05:10 [INFO] [org.springframework.context.support.PostProcessorRegistrationDelegate$BeanPostProcessorChecker:326] - Bean 'org.springframework.transaction.annotation.ProxyTransactionManagementConfiguration' of type [org.springframework.transaction.annotation.ProxyTransactionManagementConfiguration$$EnhancerBySpringCGLIB$$c7d7cc72] is not eligible for getting processed by all BeanPostProcessors (for example: not eligible for auto-proxying) 
2018-08-14 17:05:10 [INFO] [org.springframework.context.support.PostProcessorRegistrationDelegate$BeanPostProcessorChecker:326] - Bean 'org.springframework.transaction.annotation.ProxyTransactionManagementConfiguration' of type [org.springframework.transaction.annotation.ProxyTransactionManagementConfiguration$$EnhancerBySpringCGLIB$$c7d7cc72] is not eligible for getting processed by all BeanPostProcessors (for example: not eligible for auto-proxying) 
2018-08-14 17:05:11 [INFO] [org.springframework.boot.web.embedded.tomcat.TomcatWebServer:91] - Tomcat initialized with port(s): 5200 (http) 
2018-08-14 17:05:11 [INFO] [org.springframework.boot.web.embedded.tomcat.TomcatWebServer:91] - Tomcat initialized with port(s): 5200 (http) 
2018-08-14 17:05:11 [INFO] [org.apache.juli.logging.DirectJDKLog:180] - Initializing ProtocolHandler ["http-nio-5200"] 
2018-08-14 17:05:11 [INFO] [org.apache.juli.logging.DirectJDKLog:180] - Starting service [Tomcat] 
2018-08-14 17:05:11 [INFO] [org.apache.juli.logging.DirectJDKLog:180] - Starting Servlet Engine: Apache Tomcat/8.5.32 
2018-08-14 17:05:11 [INFO] [org.apache.juli.logging.DirectJDKLog:180] - The APR based Apache Tomcat Native library which allows optimal performance in production environments was not found on the java.library.path: [D:\jdk1.8\install\bin;C:\Windows\Sun\Java\bin;C:\Windows\system32;C:\Windows;C:\Program Files (x86)\Common Files\Oracle\Java\javapath;C:\Windows\system32;C:\Windows;C:\Windows\System32\Wbem;C:\Windows\System32\WindowsPowerShell\v1.0\;C:\Program Files\MySQL\MySQL Utilities 1.6\;D:\svn\SVN\install\bin;.] 
2018-08-14 17:05:11 [INFO] [org.apache.juli.logging.DirectJDKLog:180] - Initializing Spring embedded WebApplicationContext 
2018-08-14 17:05:11 [INFO] [org.springframework.boot.web.servlet.context.ServletWebServerApplicationContext:285] - Root WebApplicationContext: initialization completed in 2445 ms 
2018-08-14 17:05:11 [INFO] [org.springframework.boot.web.servlet.context.ServletWebServerApplicationContext:285] - Root WebApplicationContext: initialization completed in 2445 ms 
2018-08-14 17:05:11 [INFO] [org.springframework.boot.web.servlet.ServletRegistrationBean:187] - Servlet dispatcherServlet mapped to [/] 
2018-08-14 17:05:11 [INFO] [org.springframework.boot.web.servlet.ServletRegistrationBean:187] - Servlet dispatcherServlet mapped to [/] 
2018-08-14 17:05:11 [INFO] [org.springframework.boot.web.servlet.AbstractFilterRegistrationBean:245] - Mapping filter: 'characterEncodingFilter' to: [/*] 
2018-08-14 17:05:11 [INFO] [org.springframework.boot.web.servlet.AbstractFilterRegistrationBean:245] - Mapping filter: 'characterEncodingFilter' to: [/*] 
2018-08-14 17:05:11 [INFO] [org.springframework.boot.web.servlet.AbstractFilterRegistrationBean:245] - Mapping filter: 'hiddenHttpMethodFilter' to: [/*] 
2018-08-14 17:05:11 [INFO] [org.springframework.boot.web.servlet.AbstractFilterRegistrationBean:245] - Mapping filter: 'hiddenHttpMethodFilter' to: [/*] 
2018-08-14 17:05:11 [INFO] [org.springframework.boot.web.servlet.AbstractFilterRegistrationBean:245] - Mapping filter: 'httpPutFormContentFilter' to: [/*] 
2018-08-14 17:05:11 [INFO] [org.springframework.boot.web.servlet.AbstractFilterRegistrationBean:245] - Mapping filter: 'httpPutFormContentFilter' to: [/*] 
2018-08-14 17:05:11 [INFO] [org.springframework.boot.web.servlet.AbstractFilterRegistrationBean:245] - Mapping filter: 'requestContextFilter' to: [/*] 
2018-08-14 17:05:11 [INFO] [org.springframework.boot.web.servlet.AbstractFilterRegistrationBean:245] - Mapping filter: 'requestContextFilter' to: [/*] 
2018-08-14 17:05:11 [INFO] [com.zaxxer.hikari.HikariDataSource:110] - HikariPool-1 - Starting... 
2018-08-14 17:05:12 [INFO] [com.zaxxer.hikari.HikariDataSource:123] - HikariPool-1 - Start completed. 
2018-08-14 17:05:12 [INFO] [org.springframework.orm.jpa.LocalContainerEntityManagerFactoryBean:361] - Building JPA container EntityManagerFactory for persistence unit 'default' 
2018-08-14 17:05:12 [INFO] [org.springframework.orm.jpa.LocalContainerEntityManagerFactoryBean:361] - Building JPA container EntityManagerFactory for persistence unit 'default' 
2018-08-14 17:05:12 [INFO] [org.hibernate.jpa.internal.util.LogHelper:31] - HHH000204: Processing PersistenceUnitInfo [
	name: default
	...] 
2018-08-14 17:05:12 [INFO] [org.hibernate.Version:45] - HHH000412: Hibernate Core {5.2.17.Final} 
2018-08-14 17:05:12 [INFO] [org.hibernate.cfg.Environment:213] - HHH000206: hibernate.properties not found 
2018-08-14 17:05:12 [INFO] [org.hibernate.annotations.common.reflection.java.JavaReflectionManager:66] - HCANN000001: Hibernate Commons Annotations {5.0.1.Final} 
2018-08-14 17:05:12 [INFO] [org.hibernate.dialect.Dialect:157] - HHH000400: Using dialect: org.hibernate.dialect.MySQL5Dialect 
2018-08-14 17:05:13 [INFO] [org.springframework.orm.jpa.AbstractEntityManagerFactoryBean:415] - Initialized JPA EntityManagerFactory for persistence unit 'default' 
2018-08-14 17:05:13 [INFO] [org.springframework.orm.jpa.AbstractEntityManagerFactoryBean:415] - Initialized JPA EntityManagerFactory for persistence unit 'default' 
2018-08-14 17:05:13 [INFO] [org.springframework.web.servlet.handler.AbstractUrlHandlerMapping:373] - Mapped URL path [/**/favicon.ico] onto handler of type [class org.springframework.web.servlet.resource.ResourceHttpRequestHandler] 
2018-08-14 17:05:13 [INFO] [org.springframework.web.servlet.handler.AbstractUrlHandlerMapping:373] - Mapped URL path [/**/favicon.ico] onto handler of type [class org.springframework.web.servlet.resource.ResourceHttpRequestHandler] 
2018-08-14 17:05:13 [INFO] [org.springframework.web.servlet.mvc.method.annotation.RequestMappingHandlerAdapter:574] - Looking for @ControllerAdvice: org.springframework.boot.web.servlet.context.AnnotationConfigServletWebServerApplicationContext@4b1d6571: startup date [Tue Aug 14 17:05:08 CST 2018]; root of context hierarchy 
2018-08-14 17:05:13 [INFO] [org.springframework.web.servlet.mvc.method.annotation.RequestMappingHandlerAdapter:574] - Looking for @ControllerAdvice: org.springframework.boot.web.servlet.context.AnnotationConfigServletWebServerApplicationContext@4b1d6571: startup date [Tue Aug 14 17:05:08 CST 2018]; root of context hierarchy 
2018-08-14 17:05:13 [WARN] [org.springframework.boot.autoconfigure.orm.jpa.JpaBaseConfiguration$JpaWebConfiguration$JpaWebMvcConfiguration:235] - spring.jpa.open-in-view is enabled by default. Therefore, database queries may be performed during view rendering. Explicitly configure spring.jpa.open-in-view to disable this warning 
2018-08-14 17:05:13 [WARN] [org.springframework.boot.autoconfigure.orm.jpa.JpaBaseConfiguration$JpaWebConfiguration$JpaWebMvcConfiguration:235] - spring.jpa.open-in-view is enabled by default. Therefore, database queries may be performed during view rendering. Explicitly configure spring.jpa.open-in-view to disable this warning 
2018-08-14 17:05:13 [INFO] [org.springframework.web.servlet.handler.AbstractHandlerMethodMapping$MappingRegistry:547] - Mapped "{[/test],methods=[GET]}" onto public java.lang.String com.huaxin.servers.controller.Test.test() 
2018-08-14 17:05:13 [INFO] [org.springframework.web.servlet.handler.AbstractHandlerMethodMapping$MappingRegistry:547] - Mapped "{[/test],methods=[GET]}" onto public java.lang.String com.huaxin.servers.controller.Test.test() 
2018-08-14 17:05:13 [INFO] [org.springframework.web.servlet.handler.AbstractHandlerMethodMapping$MappingRegistry:547] - Mapped "{[/error]}" onto public org.springframework.http.ResponseEntity<java.util.Map<java.lang.String, java.lang.Object>> org.springframework.boot.autoconfigure.web.servlet.error.BasicErrorController.error(javax.servlet.http.HttpServletRequest) 
2018-08-14 17:05:13 [INFO] [org.springframework.web.servlet.handler.AbstractHandlerMethodMapping$MappingRegistry:547] - Mapped "{[/error]}" onto public org.springframework.http.ResponseEntity<java.util.Map<java.lang.String, java.lang.Object>> org.springframework.boot.autoconfigure.web.servlet.error.BasicErrorController.error(javax.servlet.http.HttpServletRequest) 
2018-08-14 17:05:13 [INFO] [org.springframework.web.servlet.handler.AbstractHandlerMethodMapping$MappingRegistry:547] - Mapped "{[/error],produces=[text/html]}" onto public org.springframework.web.servlet.ModelAndView org.springframework.boot.autoconfigure.web.servlet.error.BasicErrorController.errorHtml(javax.servlet.http.HttpServletRequest,javax.servlet.http.HttpServletResponse) 
2018-08-14 17:05:13 [INFO] [org.springframework.web.servlet.handler.AbstractHandlerMethodMapping$MappingRegistry:547] - Mapped "{[/error],produces=[text/html]}" onto public org.springframework.web.servlet.ModelAndView org.springframework.boot.autoconfigure.web.servlet.error.BasicErrorController.errorHtml(javax.servlet.http.HttpServletRequest,javax.servlet.http.HttpServletResponse) 
2018-08-14 17:05:13 [INFO] [org.springframework.web.servlet.handler.AbstractUrlHandlerMapping:373] - Mapped URL path [/webjars/**] onto handler of type [class org.springframework.web.servlet.resource.ResourceHttpRequestHandler] 
2018-08-14 17:05:13 [INFO] [org.springframework.web.servlet.handler.AbstractUrlHandlerMapping:373] - Mapped URL path [/webjars/**] onto handler of type [class org.springframework.web.servlet.resource.ResourceHttpRequestHandler] 
2018-08-14 17:05:13 [INFO] [org.springframework.web.servlet.handler.AbstractUrlHandlerMapping:373] - Mapped URL path [/**] onto handler of type [class org.springframework.web.servlet.resource.ResourceHttpRequestHandler] 
2018-08-14 17:05:13 [INFO] [org.springframework.web.servlet.handler.AbstractUrlHandlerMapping:373] - Mapped URL path [/**] onto handler of type [class org.springframework.web.servlet.resource.ResourceHttpRequestHandler] 
2018-08-14 17:05:14 [INFO] [org.springframework.jmx.export.MBeanExporter:433] - Registering beans for JMX exposure on startup 
2018-08-14 17:05:14 [INFO] [org.springframework.jmx.export.MBeanExporter:433] - Registering beans for JMX exposure on startup 
2018-08-14 17:05:14 [INFO] [org.springframework.jmx.export.MBeanExporter:895] - Bean with name 'dataSource' has been autodetected for JMX exposure 
2018-08-14 17:05:14 [INFO] [org.springframework.jmx.export.MBeanExporter:895] - Bean with name 'dataSource' has been autodetected for JMX exposure 
2018-08-14 17:05:14 [INFO] [org.springframework.jmx.export.MBeanExporter:668] - Located MBean 'dataSource': registering with JMX server as MBean [com.zaxxer.hikari:name=dataSource,type=HikariDataSource] 
2018-08-14 17:05:14 [INFO] [org.springframework.jmx.export.MBeanExporter:668] - Located MBean 'dataSource': registering with JMX server as MBean [com.zaxxer.hikari:name=dataSource,type=HikariDataSource] 
2018-08-14 17:05:14 [INFO] [org.apache.juli.logging.DirectJDKLog:180] - Starting ProtocolHandler ["http-nio-5200"] 
2018-08-14 17:05:14 [INFO] [org.apache.juli.logging.DirectJDKLog:180] - Using a shared selector for servlet write/read 
2018-08-14 17:05:14 [INFO] [org.springframework.boot.web.embedded.tomcat.TomcatWebServer:206] - Tomcat started on port(s): 5200 (http) with context path '' 
2018-08-14 17:05:14 [INFO] [org.springframework.boot.web.embedded.tomcat.TomcatWebServer:206] - Tomcat started on port(s): 5200 (http) with context path '' 
2018-08-14 17:05:14 [INFO] [org.springframework.boot.StartupInfoLogger:59] - Started ServersApplication in 6.396 seconds (JVM running for 7.699) 
2018-08-14 17:05:42 [INFO] [org.apache.juli.logging.DirectJDKLog:180] - Initializing Spring FrameworkServlet 'dispatcherServlet' 
2018-08-14 17:05:42 [INFO] [org.springframework.web.servlet.FrameworkServlet:494] - FrameworkServlet 'dispatcherServlet': initialization started 
2018-08-14 17:05:42 [INFO] [org.springframework.web.servlet.FrameworkServlet:494] - FrameworkServlet 'dispatcherServlet': initialization started 
2018-08-14 17:05:42 [INFO] [org.springframework.web.servlet.FrameworkServlet:509] - FrameworkServlet 'dispatcherServlet': initialization completed in 30 ms 
2018-08-14 17:05:42 [INFO] [org.springframework.web.servlet.FrameworkServlet:509] - FrameworkServlet 'dispatcherServlet': initialization completed in 30 ms 
2018-08-14 17:05:42 [INFO] [com.huaxin.servers.aop.LogAOP:38] - 测试请求报文：[] 
2018-08-14 17:05:42 [INFO] [com.huaxin.servers.aop.LogAOP:41] - 测试返回报文："test" 
2018-08-14 17:05:42 [INFO] [com.huaxin.servers.aop.LogAOP:43] - 测试执行时长0.088s 
2018-08-14 17:39:16 [INFO] [org.springframework.boot.StartupInfoLogger:50] - Starting ServersApplication on DELL-PC17 with PID 53024 (E:\company\ServerApplications\servers\target\classes started by DELL in E:\company\ServerApplications) 
2018-08-14 17:39:16 [INFO] [org.springframework.boot.SpringApplication:662] - No active profile set, falling back to default profiles: default 
2018-08-14 17:39:16 [INFO] [org.springframework.context.support.AbstractApplicationContext:590] - Refreshing org.springframework.boot.web.servlet.context.AnnotationConfigServletWebServerApplicationContext@65045a87: startup date [Tue Aug 14 17:39:16 CST 2018]; root of context hierarchy 
2018-08-14 17:39:16 [INFO] [org.springframework.context.support.AbstractApplicationContext:590] - Refreshing org.springframework.boot.web.servlet.context.AnnotationConfigServletWebServerApplicationContext@65045a87: startup date [Tue Aug 14 17:39:16 CST 2018]; root of context hierarchy 
2018-08-14 17:39:18 [INFO] [org.springframework.context.support.PostProcessorRegistrationDelegate$BeanPostProcessorChecker:326] - Bean 'org.springframework.transaction.annotation.ProxyTransactionManagementConfiguration' of type [org.springframework.transaction.annotation.ProxyTransactionManagementConfiguration$$EnhancerBySpringCGLIB$$95ea7391] is not eligible for getting processed by all BeanPostProcessors (for example: not eligible for auto-proxying) 
2018-08-14 17:39:18 [INFO] [org.springframework.context.support.PostProcessorRegistrationDelegate$BeanPostProcessorChecker:326] - Bean 'org.springframework.transaction.annotation.ProxyTransactionManagementConfiguration' of type [org.springframework.transaction.annotation.ProxyTransactionManagementConfiguration$$EnhancerBySpringCGLIB$$95ea7391] is not eligible for getting processed by all BeanPostProcessors (for example: not eligible for auto-proxying) 
2018-08-14 17:39:18 [INFO] [org.springframework.boot.web.embedded.tomcat.TomcatWebServer:91] - Tomcat initialized with port(s): 5200 (http) 
2018-08-14 17:39:18 [INFO] [org.springframework.boot.web.embedded.tomcat.TomcatWebServer:91] - Tomcat initialized with port(s): 5200 (http) 
2018-08-14 17:39:18 [INFO] [org.apache.juli.logging.DirectJDKLog:180] - Initializing ProtocolHandler ["http-nio-5200"] 
2018-08-14 17:39:18 [INFO] [org.apache.juli.logging.DirectJDKLog:180] - Starting service [Tomcat] 
2018-08-14 17:39:18 [INFO] [org.apache.juli.logging.DirectJDKLog:180] - Starting Servlet Engine: Apache Tomcat/8.5.32 
2018-08-14 17:39:18 [INFO] [org.apache.juli.logging.DirectJDKLog:180] - The APR based Apache Tomcat Native library which allows optimal performance in production environments was not found on the java.library.path: [D:\jdk1.8\install\bin;C:\Windows\Sun\Java\bin;C:\Windows\system32;C:\Windows;C:\Program Files (x86)\Common Files\Oracle\Java\javapath;C:\Windows\system32;C:\Windows;C:\Windows\System32\Wbem;C:\Windows\System32\WindowsPowerShell\v1.0\;C:\Program Files\MySQL\MySQL Utilities 1.6\;D:\svn\SVN\install\bin;.] 
2018-08-14 17:39:19 [INFO] [org.apache.juli.logging.DirectJDKLog:180] - Initializing Spring embedded WebApplicationContext 
2018-08-14 17:39:19 [INFO] [org.springframework.boot.web.servlet.context.ServletWebServerApplicationContext:285] - Root WebApplicationContext: initialization completed in 2452 ms 
2018-08-14 17:39:19 [INFO] [org.springframework.boot.web.servlet.context.ServletWebServerApplicationContext:285] - Root WebApplicationContext: initialization completed in 2452 ms 
2018-08-14 17:39:19 [INFO] [org.springframework.boot.web.servlet.ServletRegistrationBean:187] - Servlet dispatcherServlet mapped to [/] 
2018-08-14 17:39:19 [INFO] [org.springframework.boot.web.servlet.ServletRegistrationBean:187] - Servlet dispatcherServlet mapped to [/] 
2018-08-14 17:39:19 [INFO] [org.springframework.boot.web.servlet.AbstractFilterRegistrationBean:245] - Mapping filter: 'characterEncodingFilter' to: [/*] 
2018-08-14 17:39:19 [INFO] [org.springframework.boot.web.servlet.AbstractFilterRegistrationBean:245] - Mapping filter: 'characterEncodingFilter' to: [/*] 
2018-08-14 17:39:19 [INFO] [org.springframework.boot.web.servlet.AbstractFilterRegistrationBean:245] - Mapping filter: 'hiddenHttpMethodFilter' to: [/*] 
2018-08-14 17:39:19 [INFO] [org.springframework.boot.web.servlet.AbstractFilterRegistrationBean:245] - Mapping filter: 'hiddenHttpMethodFilter' to: [/*] 
2018-08-14 17:39:19 [INFO] [org.springframework.boot.web.servlet.AbstractFilterRegistrationBean:245] - Mapping filter: 'httpPutFormContentFilter' to: [/*] 
2018-08-14 17:39:19 [INFO] [org.springframework.boot.web.servlet.AbstractFilterRegistrationBean:245] - Mapping filter: 'httpPutFormContentFilter' to: [/*] 
2018-08-14 17:39:19 [INFO] [org.springframework.boot.web.servlet.AbstractFilterRegistrationBean:245] - Mapping filter: 'requestContextFilter' to: [/*] 
2018-08-14 17:39:19 [INFO] [org.springframework.boot.web.servlet.AbstractFilterRegistrationBean:245] - Mapping filter: 'requestContextFilter' to: [/*] 
2018-08-14 17:39:19 [INFO] [com.zaxxer.hikari.HikariDataSource:110] - HikariPool-1 - Starting... 
2018-08-14 17:39:19 [INFO] [com.zaxxer.hikari.HikariDataSource:123] - HikariPool-1 - Start completed. 
2018-08-14 17:39:19 [INFO] [org.springframework.orm.jpa.LocalContainerEntityManagerFactoryBean:361] - Building JPA container EntityManagerFactory for persistence unit 'default' 
2018-08-14 17:39:19 [INFO] [org.springframework.orm.jpa.LocalContainerEntityManagerFactoryBean:361] - Building JPA container EntityManagerFactory for persistence unit 'default' 
2018-08-14 17:39:19 [INFO] [org.hibernate.jpa.internal.util.LogHelper:31] - HHH000204: Processing PersistenceUnitInfo [
	name: default
	...] 
2018-08-14 17:39:20 [INFO] [org.hibernate.Version:45] - HHH000412: Hibernate Core {5.2.17.Final} 
2018-08-14 17:39:20 [INFO] [org.hibernate.cfg.Environment:213] - HHH000206: hibernate.properties not found 
2018-08-14 17:39:20 [INFO] [org.hibernate.annotations.common.reflection.java.JavaReflectionManager:66] - HCANN000001: Hibernate Commons Annotations {5.0.1.Final} 
2018-08-14 17:39:20 [INFO] [org.hibernate.dialect.Dialect:157] - HHH000400: Using dialect: org.hibernate.dialect.MySQL5Dialect 
2018-08-14 17:39:20 [INFO] [org.springframework.orm.jpa.AbstractEntityManagerFactoryBean:415] - Initialized JPA EntityManagerFactory for persistence unit 'default' 
2018-08-14 17:39:20 [INFO] [org.springframework.orm.jpa.AbstractEntityManagerFactoryBean:415] - Initialized JPA EntityManagerFactory for persistence unit 'default' 
2018-08-14 17:39:21 [INFO] [org.springframework.web.servlet.handler.AbstractUrlHandlerMapping:373] - Mapped URL path [/**/favicon.ico] onto handler of type [class org.springframework.web.servlet.resource.ResourceHttpRequestHandler] 
2018-08-14 17:39:21 [INFO] [org.springframework.web.servlet.handler.AbstractUrlHandlerMapping:373] - Mapped URL path [/**/favicon.ico] onto handler of type [class org.springframework.web.servlet.resource.ResourceHttpRequestHandler] 
2018-08-14 17:39:21 [INFO] [org.springframework.web.servlet.mvc.method.annotation.RequestMappingHandlerAdapter:574] - Looking for @ControllerAdvice: org.springframework.boot.web.servlet.context.AnnotationConfigServletWebServerApplicationContext@65045a87: startup date [Tue Aug 14 17:39:16 CST 2018]; root of context hierarchy 
2018-08-14 17:39:21 [INFO] [org.springframework.web.servlet.mvc.method.annotation.RequestMappingHandlerAdapter:574] - Looking for @ControllerAdvice: org.springframework.boot.web.servlet.context.AnnotationConfigServletWebServerApplicationContext@65045a87: startup date [Tue Aug 14 17:39:16 CST 2018]; root of context hierarchy 
2018-08-14 17:39:21 [WARN] [org.springframework.boot.autoconfigure.orm.jpa.JpaBaseConfiguration$JpaWebConfiguration$JpaWebMvcConfiguration:235] - spring.jpa.open-in-view is enabled by default. Therefore, database queries may be performed during view rendering. Explicitly configure spring.jpa.open-in-view to disable this warning 
2018-08-14 17:39:21 [WARN] [org.springframework.boot.autoconfigure.orm.jpa.JpaBaseConfiguration$JpaWebConfiguration$JpaWebMvcConfiguration:235] - spring.jpa.open-in-view is enabled by default. Therefore, database queries may be performed during view rendering. Explicitly configure spring.jpa.open-in-view to disable this warning 
2018-08-14 17:39:21 [INFO] [org.springframework.web.servlet.handler.AbstractHandlerMethodMapping$MappingRegistry:547] - Mapped "{[/test],methods=[GET]}" onto public java.lang.String com.huaxin.servers.controller.Test.test() 
2018-08-14 17:39:21 [INFO] [org.springframework.web.servlet.handler.AbstractHandlerMethodMapping$MappingRegistry:547] - Mapped "{[/test],methods=[GET]}" onto public java.lang.String com.huaxin.servers.controller.Test.test() 
2018-08-14 17:39:21 [INFO] [org.springframework.web.servlet.handler.AbstractHandlerMethodMapping$MappingRegistry:547] - Mapped "{[/error]}" onto public org.springframework.http.ResponseEntity<java.util.Map<java.lang.String, java.lang.Object>> org.springframework.boot.autoconfigure.web.servlet.error.BasicErrorController.error(javax.servlet.http.HttpServletRequest) 
2018-08-14 17:39:21 [INFO] [org.springframework.web.servlet.handler.AbstractHandlerMethodMapping$MappingRegistry:547] - Mapped "{[/error]}" onto public org.springframework.http.ResponseEntity<java.util.Map<java.lang.String, java.lang.Object>> org.springframework.boot.autoconfigure.web.servlet.error.BasicErrorController.error(javax.servlet.http.HttpServletRequest) 
2018-08-14 17:39:21 [INFO] [org.springframework.web.servlet.handler.AbstractHandlerMethodMapping$MappingRegistry:547] - Mapped "{[/error],produces=[text/html]}" onto public org.springframework.web.servlet.ModelAndView org.springframework.boot.autoconfigure.web.servlet.error.BasicErrorController.errorHtml(javax.servlet.http.HttpServletRequest,javax.servlet.http.HttpServletResponse) 
2018-08-14 17:39:21 [INFO] [org.springframework.web.servlet.handler.AbstractHandlerMethodMapping$MappingRegistry:547] - Mapped "{[/error],produces=[text/html]}" onto public org.springframework.web.servlet.ModelAndView org.springframework.boot.autoconfigure.web.servlet.error.BasicErrorController.errorHtml(javax.servlet.http.HttpServletRequest,javax.servlet.http.HttpServletResponse) 
2018-08-14 17:39:21 [INFO] [org.springframework.web.servlet.handler.AbstractUrlHandlerMapping:373] - Mapped URL path [/webjars/**] onto handler of type [class org.springframework.web.servlet.resource.ResourceHttpRequestHandler] 
2018-08-14 17:39:21 [INFO] [org.springframework.web.servlet.handler.AbstractUrlHandlerMapping:373] - Mapped URL path [/webjars/**] onto handler of type [class org.springframework.web.servlet.resource.ResourceHttpRequestHandler] 
2018-08-14 17:39:21 [INFO] [org.springframework.web.servlet.handler.AbstractUrlHandlerMapping:373] - Mapped URL path [/**] onto handler of type [class org.springframework.web.servlet.resource.ResourceHttpRequestHandler] 
2018-08-14 17:39:21 [INFO] [org.springframework.web.servlet.handler.AbstractUrlHandlerMapping:373] - Mapped URL path [/**] onto handler of type [class org.springframework.web.servlet.resource.ResourceHttpRequestHandler] 
2018-08-14 17:39:22 [INFO] [org.springframework.jmx.export.MBeanExporter:433] - Registering beans for JMX exposure on startup 
2018-08-14 17:39:22 [INFO] [org.springframework.jmx.export.MBeanExporter:433] - Registering beans for JMX exposure on startup 
2018-08-14 17:39:22 [INFO] [org.springframework.jmx.export.MBeanExporter:895] - Bean with name 'dataSource' has been autodetected for JMX exposure 
2018-08-14 17:39:22 [INFO] [org.springframework.jmx.export.MBeanExporter:895] - Bean with name 'dataSource' has been autodetected for JMX exposure 
2018-08-14 17:39:22 [INFO] [org.springframework.jmx.export.MBeanExporter:668] - Located MBean 'dataSource': registering with JMX server as MBean [com.zaxxer.hikari:name=dataSource,type=HikariDataSource] 
2018-08-14 17:39:22 [INFO] [org.springframework.jmx.export.MBeanExporter:668] - Located MBean 'dataSource': registering with JMX server as MBean [com.zaxxer.hikari:name=dataSource,type=HikariDataSource] 
2018-08-14 17:39:22 [INFO] [org.apache.juli.logging.DirectJDKLog:180] - Starting ProtocolHandler ["http-nio-5200"] 
2018-08-14 17:39:22 [INFO] [org.apache.juli.logging.DirectJDKLog:180] - Using a shared selector for servlet write/read 
2018-08-14 17:39:22 [INFO] [org.springframework.boot.web.embedded.tomcat.TomcatWebServer:206] - Tomcat started on port(s): 5200 (http) with context path '' 
2018-08-14 17:39:22 [INFO] [org.springframework.boot.web.embedded.tomcat.TomcatWebServer:206] - Tomcat started on port(s): 5200 (http) with context path '' 
2018-08-14 17:39:22 [INFO] [org.springframework.boot.StartupInfoLogger:59] - Started ServersApplication in 6.526 seconds (JVM running for 7.982) 
2018-08-14 17:54:21 [INFO] [org.springframework.boot.StartupInfoLogger:50] - Starting ServersApplication on DELL-PC17 with PID 51320 (E:\company\ServerApplications\servers\target\classes started by DELL in E:\company\ServerApplications) 
2018-08-14 17:54:21 [INFO] [org.springframework.boot.SpringApplication:662] - No active profile set, falling back to default profiles: default 
2018-08-14 17:54:22 [INFO] [org.springframework.context.support.AbstractApplicationContext:590] - Refreshing org.springframework.boot.web.servlet.context.AnnotationConfigServletWebServerApplicationContext@674bd420: startup date [Tue Aug 14 17:54:22 CST 2018]; root of context hierarchy 
2018-08-14 17:54:22 [INFO] [org.springframework.context.support.AbstractApplicationContext:590] - Refreshing org.springframework.boot.web.servlet.context.AnnotationConfigServletWebServerApplicationContext@674bd420: startup date [Tue Aug 14 17:54:22 CST 2018]; root of context hierarchy 
2018-08-14 17:54:23 [INFO] [org.springframework.context.support.PostProcessorRegistrationDelegate$BeanPostProcessorChecker:326] - Bean 'org.springframework.transaction.annotation.ProxyTransactionManagementConfiguration' of type [org.springframework.transaction.annotation.ProxyTransactionManagementConfiguration$$EnhancerBySpringCGLIB$$78ac706d] is not eligible for getting processed by all BeanPostProcessors (for example: not eligible for auto-proxying) 
2018-08-14 17:54:23 [INFO] [org.springframework.context.support.PostProcessorRegistrationDelegate$BeanPostProcessorChecker:326] - Bean 'org.springframework.transaction.annotation.ProxyTransactionManagementConfiguration' of type [org.springframework.transaction.annotation.ProxyTransactionManagementConfiguration$$EnhancerBySpringCGLIB$$78ac706d] is not eligible for getting processed by all BeanPostProcessors (for example: not eligible for auto-proxying) 
2018-08-14 17:54:24 [INFO] [org.springframework.boot.web.embedded.tomcat.TomcatWebServer:91] - Tomcat initialized with port(s): 5200 (http) 
2018-08-14 17:54:24 [INFO] [org.springframework.boot.web.embedded.tomcat.TomcatWebServer:91] - Tomcat initialized with port(s): 5200 (http) 
2018-08-14 17:54:24 [INFO] [org.apache.juli.logging.DirectJDKLog:180] - Initializing ProtocolHandler ["http-nio-5200"] 
2018-08-14 17:54:24 [INFO] [org.apache.juli.logging.DirectJDKLog:180] - Starting service [Tomcat] 
2018-08-14 17:54:24 [INFO] [org.apache.juli.logging.DirectJDKLog:180] - Starting Servlet Engine: Apache Tomcat/8.5.32 
2018-08-14 17:54:24 [INFO] [org.apache.juli.logging.DirectJDKLog:180] - The APR based Apache Tomcat Native library which allows optimal performance in production environments was not found on the java.library.path: [D:\jdk1.8\install\bin;C:\Windows\Sun\Java\bin;C:\Windows\system32;C:\Windows;C:\Program Files (x86)\Common Files\Oracle\Java\javapath;C:\Windows\system32;C:\Windows;C:\Windows\System32\Wbem;C:\Windows\System32\WindowsPowerShell\v1.0\;C:\Program Files\MySQL\MySQL Utilities 1.6\;D:\svn\SVN\install\bin;.] 
2018-08-14 17:54:24 [INFO] [org.apache.juli.logging.DirectJDKLog:180] - Initializing Spring embedded WebApplicationContext 
2018-08-14 17:54:24 [INFO] [org.springframework.boot.web.servlet.context.ServletWebServerApplicationContext:285] - Root WebApplicationContext: initialization completed in 2345 ms 
2018-08-14 17:54:24 [INFO] [org.springframework.boot.web.servlet.context.ServletWebServerApplicationContext:285] - Root WebApplicationContext: initialization completed in 2345 ms 
2018-08-14 17:54:24 [INFO] [org.springframework.boot.web.servlet.ServletRegistrationBean:187] - Servlet dispatcherServlet mapped to [/] 
2018-08-14 17:54:24 [INFO] [org.springframework.boot.web.servlet.ServletRegistrationBean:187] - Servlet dispatcherServlet mapped to [/] 
2018-08-14 17:54:24 [INFO] [org.springframework.boot.web.servlet.AbstractFilterRegistrationBean:245] - Mapping filter: 'characterEncodingFilter' to: [/*] 
2018-08-14 17:54:24 [INFO] [org.springframework.boot.web.servlet.AbstractFilterRegistrationBean:245] - Mapping filter: 'characterEncodingFilter' to: [/*] 
2018-08-14 17:54:24 [INFO] [org.springframework.boot.web.servlet.AbstractFilterRegistrationBean:245] - Mapping filter: 'hiddenHttpMethodFilter' to: [/*] 
2018-08-14 17:54:24 [INFO] [org.springframework.boot.web.servlet.AbstractFilterRegistrationBean:245] - Mapping filter: 'hiddenHttpMethodFilter' to: [/*] 
2018-08-14 17:54:24 [INFO] [org.springframework.boot.web.servlet.AbstractFilterRegistrationBean:245] - Mapping filter: 'httpPutFormContentFilter' to: [/*] 
2018-08-14 17:54:24 [INFO] [org.springframework.boot.web.servlet.AbstractFilterRegistrationBean:245] - Mapping filter: 'httpPutFormContentFilter' to: [/*] 
2018-08-14 17:54:24 [INFO] [org.springframework.boot.web.servlet.AbstractFilterRegistrationBean:245] - Mapping filter: 'requestContextFilter' to: [/*] 
2018-08-14 17:54:24 [INFO] [org.springframework.boot.web.servlet.AbstractFilterRegistrationBean:245] - Mapping filter: 'requestContextFilter' to: [/*] 
2018-08-14 17:54:24 [INFO] [com.zaxxer.hikari.HikariDataSource:110] - HikariPool-1 - Starting... 
2018-08-14 17:54:25 [INFO] [com.zaxxer.hikari.HikariDataSource:123] - HikariPool-1 - Start completed. 
2018-08-14 17:54:25 [INFO] [org.springframework.orm.jpa.LocalContainerEntityManagerFactoryBean:361] - Building JPA container EntityManagerFactory for persistence unit 'default' 
2018-08-14 17:54:25 [INFO] [org.springframework.orm.jpa.LocalContainerEntityManagerFactoryBean:361] - Building JPA container EntityManagerFactory for persistence unit 'default' 
2018-08-14 17:54:25 [INFO] [org.hibernate.jpa.internal.util.LogHelper:31] - HHH000204: Processing PersistenceUnitInfo [
	name: default
	...] 
2018-08-14 17:54:25 [INFO] [org.hibernate.Version:45] - HHH000412: Hibernate Core {5.2.17.Final} 
2018-08-14 17:54:25 [INFO] [org.hibernate.cfg.Environment:213] - HHH000206: hibernate.properties not found 
2018-08-14 17:54:25 [INFO] [org.hibernate.annotations.common.reflection.java.JavaReflectionManager:66] - HCANN000001: Hibernate Commons Annotations {5.0.1.Final} 
2018-08-14 17:54:25 [INFO] [org.hibernate.dialect.Dialect:157] - HHH000400: Using dialect: org.hibernate.dialect.MySQL5Dialect 
2018-08-14 17:54:25 [INFO] [org.springframework.orm.jpa.AbstractEntityManagerFactoryBean:415] - Initialized JPA EntityManagerFactory for persistence unit 'default' 
2018-08-14 17:54:25 [INFO] [org.springframework.orm.jpa.AbstractEntityManagerFactoryBean:415] - Initialized JPA EntityManagerFactory for persistence unit 'default' 
2018-08-14 17:54:26 [INFO] [org.springframework.web.servlet.handler.AbstractUrlHandlerMapping:373] - Mapped URL path [/**/favicon.ico] onto handler of type [class org.springframework.web.servlet.resource.ResourceHttpRequestHandler] 
2018-08-14 17:54:26 [INFO] [org.springframework.web.servlet.handler.AbstractUrlHandlerMapping:373] - Mapped URL path [/**/favicon.ico] onto handler of type [class org.springframework.web.servlet.resource.ResourceHttpRequestHandler] 
2018-08-14 17:54:26 [INFO] [org.springframework.web.servlet.mvc.method.annotation.RequestMappingHandlerAdapter:574] - Looking for @ControllerAdvice: org.springframework.boot.web.servlet.context.AnnotationConfigServletWebServerApplicationContext@674bd420: startup date [Tue Aug 14 17:54:22 CST 2018]; root of context hierarchy 
2018-08-14 17:54:26 [INFO] [org.springframework.web.servlet.mvc.method.annotation.RequestMappingHandlerAdapter:574] - Looking for @ControllerAdvice: org.springframework.boot.web.servlet.context.AnnotationConfigServletWebServerApplicationContext@674bd420: startup date [Tue Aug 14 17:54:22 CST 2018]; root of context hierarchy 
2018-08-14 17:54:26 [WARN] [org.springframework.boot.autoconfigure.orm.jpa.JpaBaseConfiguration$JpaWebConfiguration$JpaWebMvcConfiguration:235] - spring.jpa.open-in-view is enabled by default. Therefore, database queries may be performed during view rendering. Explicitly configure spring.jpa.open-in-view to disable this warning 
2018-08-14 17:54:26 [WARN] [org.springframework.boot.autoconfigure.orm.jpa.JpaBaseConfiguration$JpaWebConfiguration$JpaWebMvcConfiguration:235] - spring.jpa.open-in-view is enabled by default. Therefore, database queries may be performed during view rendering. Explicitly configure spring.jpa.open-in-view to disable this warning 
2018-08-14 17:54:26 [INFO] [org.springframework.web.servlet.handler.AbstractHandlerMethodMapping$MappingRegistry:547] - Mapped "{[/test],methods=[GET]}" onto public java.lang.String com.huaxin.servers.controller.Test.test() 
2018-08-14 17:54:26 [INFO] [org.springframework.web.servlet.handler.AbstractHandlerMethodMapping$MappingRegistry:547] - Mapped "{[/test],methods=[GET]}" onto public java.lang.String com.huaxin.servers.controller.Test.test() 
2018-08-14 17:54:26 [INFO] [org.springframework.web.servlet.handler.AbstractHandlerMethodMapping$MappingRegistry:547] - Mapped "{[/error]}" onto public org.springframework.http.ResponseEntity<java.util.Map<java.lang.String, java.lang.Object>> org.springframework.boot.autoconfigure.web.servlet.error.BasicErrorController.error(javax.servlet.http.HttpServletRequest) 
2018-08-14 17:54:26 [INFO] [org.springframework.web.servlet.handler.AbstractHandlerMethodMapping$MappingRegistry:547] - Mapped "{[/error]}" onto public org.springframework.http.ResponseEntity<java.util.Map<java.lang.String, java.lang.Object>> org.springframework.boot.autoconfigure.web.servlet.error.BasicErrorController.error(javax.servlet.http.HttpServletRequest) 
2018-08-14 17:54:26 [INFO] [org.springframework.web.servlet.handler.AbstractHandlerMethodMapping$MappingRegistry:547] - Mapped "{[/error],produces=[text/html]}" onto public org.springframework.web.servlet.ModelAndView org.springframework.boot.autoconfigure.web.servlet.error.BasicErrorController.errorHtml(javax.servlet.http.HttpServletRequest,javax.servlet.http.HttpServletResponse) 
2018-08-14 17:54:26 [INFO] [org.springframework.web.servlet.handler.AbstractHandlerMethodMapping$MappingRegistry:547] - Mapped "{[/error],produces=[text/html]}" onto public org.springframework.web.servlet.ModelAndView org.springframework.boot.autoconfigure.web.servlet.error.BasicErrorController.errorHtml(javax.servlet.http.HttpServletRequest,javax.servlet.http.HttpServletResponse) 
2018-08-14 17:54:26 [INFO] [org.springframework.web.servlet.handler.AbstractUrlHandlerMapping:373] - Mapped URL path [/webjars/**] onto handler of type [class org.springframework.web.servlet.resource.ResourceHttpRequestHandler] 
2018-08-14 17:54:26 [INFO] [org.springframework.web.servlet.handler.AbstractUrlHandlerMapping:373] - Mapped URL path [/webjars/**] onto handler of type [class org.springframework.web.servlet.resource.ResourceHttpRequestHandler] 
2018-08-14 17:54:26 [INFO] [org.springframework.web.servlet.handler.AbstractUrlHandlerMapping:373] - Mapped URL path [/**] onto handler of type [class org.springframework.web.servlet.resource.ResourceHttpRequestHandler] 
2018-08-14 17:54:26 [INFO] [org.springframework.web.servlet.handler.AbstractUrlHandlerMapping:373] - Mapped URL path [/**] onto handler of type [class org.springframework.web.servlet.resource.ResourceHttpRequestHandler] 
2018-08-14 17:54:27 [INFO] [org.springframework.jmx.export.MBeanExporter:433] - Registering beans for JMX exposure on startup 
2018-08-14 17:54:27 [INFO] [org.springframework.jmx.export.MBeanExporter:433] - Registering beans for JMX exposure on startup 
2018-08-14 17:54:27 [INFO] [org.springframework.jmx.export.MBeanExporter:895] - Bean with name 'dataSource' has been autodetected for JMX exposure 
2018-08-14 17:54:27 [INFO] [org.springframework.jmx.export.MBeanExporter:895] - Bean with name 'dataSource' has been autodetected for JMX exposure 
2018-08-14 17:54:27 [INFO] [org.springframework.jmx.export.MBeanExporter:668] - Located MBean 'dataSource': registering with JMX server as MBean [com.zaxxer.hikari:name=dataSource,type=HikariDataSource] 
2018-08-14 17:54:27 [INFO] [org.springframework.jmx.export.MBeanExporter:668] - Located MBean 'dataSource': registering with JMX server as MBean [com.zaxxer.hikari:name=dataSource,type=HikariDataSource] 
2018-08-14 17:54:27 [INFO] [org.apache.juli.logging.DirectJDKLog:180] - Starting ProtocolHandler ["http-nio-5200"] 
2018-08-14 17:54:27 [INFO] [org.apache.juli.logging.DirectJDKLog:180] - Using a shared selector for servlet write/read 
2018-08-14 17:54:27 [INFO] [org.springframework.boot.web.embedded.tomcat.TomcatWebServer:206] - Tomcat started on port(s): 5200 (http) with context path '' 
2018-08-14 17:54:27 [INFO] [org.springframework.boot.web.embedded.tomcat.TomcatWebServer:206] - Tomcat started on port(s): 5200 (http) with context path '' 
2018-08-14 17:54:27 [INFO] [org.springframework.boot.StartupInfoLogger:59] - Started ServersApplication in 6.066 seconds (JVM running for 7.292) 
2018-08-14 17:54:43 [INFO] [org.springframework.context.support.AbstractApplicationContext:590] - Refreshing org.springframework.boot.web.servlet.context.AnnotationConfigServletWebServerApplicationContext@4b1d6571: startup date [Tue Aug 14 17:54:43 CST 2018]; root of context hierarchy 
2018-08-14 17:54:45 [INFO] [org.springframework.context.support.PostProcessorRegistrationDelegate$BeanPostProcessorChecker:326] - Bean 'org.springframework.transaction.annotation.ProxyTransactionManagementConfiguration' of type [org.springframework.transaction.annotation.ProxyTransactionManagementConfiguration$$EnhancerBySpringCGLIB$$430ef5bd] is not eligible for getting processed by all BeanPostProcessors (for example: not eligible for auto-proxying) 
2018-08-14 17:54:45 [INFO] [org.springframework.boot.web.embedded.tomcat.TomcatWebServer:91] - Tomcat initialized with port(s): 5200 (http) 
2018-08-14 17:54:46 [INFO] [org.springframework.boot.web.servlet.context.ServletWebServerApplicationContext:285] - Root WebApplicationContext: initialization completed in 2408 ms 
2018-08-14 17:54:46 [INFO] [org.springframework.boot.web.servlet.ServletRegistrationBean:187] - Servlet dispatcherServlet mapped to [/] 
2018-08-14 17:54:46 [INFO] [org.springframework.boot.web.servlet.AbstractFilterRegistrationBean:245] - Mapping filter: 'characterEncodingFilter' to: [/*] 
2018-08-14 17:54:46 [INFO] [org.springframework.boot.web.servlet.AbstractFilterRegistrationBean:245] - Mapping filter: 'hiddenHttpMethodFilter' to: [/*] 
2018-08-14 17:54:46 [INFO] [org.springframework.boot.web.servlet.AbstractFilterRegistrationBean:245] - Mapping filter: 'httpPutFormContentFilter' to: [/*] 
2018-08-14 17:54:46 [INFO] [org.springframework.boot.web.servlet.AbstractFilterRegistrationBean:245] - Mapping filter: 'requestContextFilter' to: [/*] 
2018-08-14 17:54:46 [INFO] [org.springframework.orm.jpa.LocalContainerEntityManagerFactoryBean:361] - Building JPA container EntityManagerFactory for persistence unit 'default' 
2018-08-14 17:54:47 [INFO] [org.springframework.orm.jpa.AbstractEntityManagerFactoryBean:415] - Initialized JPA EntityManagerFactory for persistence unit 'default' 
2018-08-14 17:54:48 [INFO] [org.springframework.web.servlet.handler.AbstractUrlHandlerMapping:373] - Mapped URL path [/**/favicon.ico] onto handler of type [class org.springframework.web.servlet.resource.ResourceHttpRequestHandler] 
2018-08-14 17:54:48 [INFO] [org.springframework.web.servlet.mvc.method.annotation.RequestMappingHandlerAdapter:574] - Looking for @ControllerAdvice: org.springframework.boot.web.servlet.context.AnnotationConfigServletWebServerApplicationContext@4b1d6571: startup date [Tue Aug 14 17:54:43 CST 2018]; root of context hierarchy 
2018-08-14 17:54:48 [WARN] [org.springframework.boot.autoconfigure.orm.jpa.JpaBaseConfiguration$JpaWebConfiguration$JpaWebMvcConfiguration:235] - spring.jpa.open-in-view is enabled by default. Therefore, database queries may be performed during view rendering. Explicitly configure spring.jpa.open-in-view to disable this warning 
2018-08-14 17:54:48 [INFO] [org.springframework.web.servlet.handler.AbstractHandlerMethodMapping$MappingRegistry:547] - Mapped "{[/test],methods=[GET]}" onto public java.lang.String com.huaxin.servers.controller.Test.test() 
2018-08-14 17:54:48 [INFO] [org.springframework.web.servlet.handler.AbstractHandlerMethodMapping$MappingRegistry:547] - Mapped "{[/error]}" onto public org.springframework.http.ResponseEntity<java.util.Map<java.lang.String, java.lang.Object>> org.springframework.boot.autoconfigure.web.servlet.error.BasicErrorController.error(javax.servlet.http.HttpServletRequest) 
2018-08-14 17:54:48 [INFO] [org.springframework.web.servlet.handler.AbstractHandlerMethodMapping$MappingRegistry:547] - Mapped "{[/error],produces=[text/html]}" onto public org.springframework.web.servlet.ModelAndView org.springframework.boot.autoconfigure.web.servlet.error.BasicErrorController.errorHtml(javax.servlet.http.HttpServletRequest,javax.servlet.http.HttpServletResponse) 
2018-08-14 17:54:48 [INFO] [org.springframework.web.servlet.handler.AbstractUrlHandlerMapping:373] - Mapped URL path [/webjars/**] onto handler of type [class org.springframework.web.servlet.resource.ResourceHttpRequestHandler] 
2018-08-14 17:54:48 [INFO] [org.springframework.web.servlet.handler.AbstractUrlHandlerMapping:373] - Mapped URL path [/**] onto handler of type [class org.springframework.web.servlet.resource.ResourceHttpRequestHandler] 
2018-08-14 17:54:49 [INFO] [org.springframework.jmx.export.MBeanExporter:433] - Registering beans for JMX exposure on startup 
2018-08-14 17:54:49 [INFO] [org.springframework.jmx.export.MBeanExporter:895] - Bean with name 'dataSource' has been autodetected for JMX exposure 
2018-08-14 17:54:49 [INFO] [org.springframework.jmx.export.MBeanExporter:668] - Located MBean 'dataSource': registering with JMX server as MBean [com.zaxxer.hikari:name=dataSource,type=HikariDataSource] 
2018-08-14 17:54:49 [INFO] [org.springframework.boot.web.embedded.tomcat.TomcatWebServer:206] - Tomcat started on port(s): 5200 (http) with context path '' 
2018-08-14 17:54:58 [INFO] [org.springframework.context.support.AbstractApplicationContext:590] - Refreshing org.springframework.boot.web.servlet.context.AnnotationConfigServletWebServerApplicationContext@3568f9d2: startup date [Tue Aug 14 17:54:58 CST 2018]; root of context hierarchy 
2018-08-14 17:55:00 [INFO] [org.springframework.context.support.PostProcessorRegistrationDelegate$BeanPostProcessorChecker:326] - Bean 'org.springframework.transaction.annotation.ProxyTransactionManagementConfiguration' of type [org.springframework.transaction.annotation.ProxyTransactionManagementConfiguration$$EnhancerBySpringCGLIB$$78fc1396] is not eligible for getting processed by all BeanPostProcessors (for example: not eligible for auto-proxying) 
2018-08-14 17:55:01 [INFO] [org.springframework.boot.web.embedded.tomcat.TomcatWebServer:91] - Tomcat initialized with port(s): 5200 (http) 
2018-08-14 17:55:01 [INFO] [org.springframework.boot.web.servlet.context.ServletWebServerApplicationContext:285] - Root WebApplicationContext: initialization completed in 2418 ms 
2018-08-14 17:55:01 [INFO] [org.springframework.boot.web.servlet.ServletRegistrationBean:187] - Servlet dispatcherServlet mapped to [/] 
2018-08-14 17:55:01 [INFO] [org.springframework.boot.web.servlet.AbstractFilterRegistrationBean:245] - Mapping filter: 'characterEncodingFilter' to: [/*] 
2018-08-14 17:55:01 [INFO] [org.springframework.boot.web.servlet.AbstractFilterRegistrationBean:245] - Mapping filter: 'hiddenHttpMethodFilter' to: [/*] 
2018-08-14 17:55:01 [INFO] [org.springframework.boot.web.servlet.AbstractFilterRegistrationBean:245] - Mapping filter: 'httpPutFormContentFilter' to: [/*] 
2018-08-14 17:55:01 [INFO] [org.springframework.boot.web.servlet.AbstractFilterRegistrationBean:245] - Mapping filter: 'requestContextFilter' to: [/*] 
2018-08-14 17:55:02 [INFO] [org.springframework.orm.jpa.LocalContainerEntityManagerFactoryBean:361] - Building JPA container EntityManagerFactory for persistence unit 'default' 
2018-08-14 17:55:03 [INFO] [org.springframework.orm.jpa.AbstractEntityManagerFactoryBean:415] - Initialized JPA EntityManagerFactory for persistence unit 'default' 
2018-08-14 17:55:03 [INFO] [org.springframework.web.servlet.handler.AbstractUrlHandlerMapping:373] - Mapped URL path [/**/favicon.ico] onto handler of type [class org.springframework.web.servlet.resource.ResourceHttpRequestHandler] 
2018-08-14 17:55:03 [INFO] [org.springframework.web.servlet.mvc.method.annotation.RequestMappingHandlerAdapter:574] - Looking for @ControllerAdvice: org.springframework.boot.web.servlet.context.AnnotationConfigServletWebServerApplicationContext@3568f9d2: startup date [Tue Aug 14 17:54:58 CST 2018]; root of context hierarchy 
2018-08-14 17:55:03 [WARN] [org.springframework.boot.autoconfigure.orm.jpa.JpaBaseConfiguration$JpaWebConfiguration$JpaWebMvcConfiguration:235] - spring.jpa.open-in-view is enabled by default. Therefore, database queries may be performed during view rendering. Explicitly configure spring.jpa.open-in-view to disable this warning 
2018-08-14 17:55:03 [INFO] [org.springframework.web.servlet.handler.AbstractHandlerMethodMapping$MappingRegistry:547] - Mapped "{[/test],methods=[GET]}" onto public java.lang.String com.huaxin.servers.controller.Test.test() 
2018-08-14 17:55:03 [INFO] [org.springframework.web.servlet.handler.AbstractHandlerMethodMapping$MappingRegistry:547] - Mapped "{[/error]}" onto public org.springframework.http.ResponseEntity<java.util.Map<java.lang.String, java.lang.Object>> org.springframework.boot.autoconfigure.web.servlet.error.BasicErrorController.error(javax.servlet.http.HttpServletRequest) 
2018-08-14 17:55:03 [INFO] [org.springframework.web.servlet.handler.AbstractHandlerMethodMapping$MappingRegistry:547] - Mapped "{[/error],produces=[text/html]}" onto public org.springframework.web.servlet.ModelAndView org.springframework.boot.autoconfigure.web.servlet.error.BasicErrorController.errorHtml(javax.servlet.http.HttpServletRequest,javax.servlet.http.HttpServletResponse) 
2018-08-14 17:55:03 [INFO] [org.springframework.web.servlet.handler.AbstractUrlHandlerMapping:373] - Mapped URL path [/webjars/**] onto handler of type [class org.springframework.web.servlet.resource.ResourceHttpRequestHandler] 
2018-08-14 17:55:03 [INFO] [org.springframework.web.servlet.handler.AbstractUrlHandlerMapping:373] - Mapped URL path [/**] onto handler of type [class org.springframework.web.servlet.resource.ResourceHttpRequestHandler] 
2018-08-14 17:55:04 [INFO] [org.springframework.jmx.export.MBeanExporter:433] - Registering beans for JMX exposure on startup 
2018-08-14 17:55:04 [INFO] [org.springframework.jmx.export.MBeanExporter:895] - Bean with name 'dataSource' has been autodetected for JMX exposure 
2018-08-14 17:55:04 [INFO] [org.springframework.jmx.export.MBeanExporter:668] - Located MBean 'dataSource': registering with JMX server as MBean [com.zaxxer.hikari:name=dataSource,type=HikariDataSource] 
2018-08-14 17:55:04 [INFO] [org.springframework.boot.web.embedded.tomcat.TomcatWebServer:206] - Tomcat started on port(s): 5200 (http) with context path '' 
2018-08-14 17:55:26 [INFO] [org.springframework.boot.StartupInfoLogger:50] - Starting ServersApplication on DELL-PC17 with PID 50136 (E:\company\ServerApplications\servers\target\classes started by DELL in E:\company\ServerApplications) 
2018-08-14 17:55:26 [INFO] [org.springframework.boot.SpringApplication:662] - No active profile set, falling back to default profiles: default 
2018-08-14 17:55:26 [INFO] [org.springframework.context.support.AbstractApplicationContext:590] - Refreshing org.springframework.boot.web.servlet.context.AnnotationConfigServletWebServerApplicationContext@5b1ebf56: startup date [Tue Aug 14 17:55:26 CST 2018]; root of context hierarchy 
2018-08-14 17:55:26 [INFO] [org.springframework.context.support.AbstractApplicationContext:590] - Refreshing org.springframework.boot.web.servlet.context.AnnotationConfigServletWebServerApplicationContext@5b1ebf56: startup date [Tue Aug 14 17:55:26 CST 2018]; root of context hierarchy 
2018-08-14 17:55:28 [INFO] [org.springframework.context.support.PostProcessorRegistrationDelegate$BeanPostProcessorChecker:326] - Bean 'org.springframework.transaction.annotation.ProxyTransactionManagementConfiguration' of type [org.springframework.transaction.annotation.ProxyTransactionManagementConfiguration$$EnhancerBySpringCGLIB$$13825865] is not eligible for getting processed by all BeanPostProcessors (for example: not eligible for auto-proxying) 
2018-08-14 17:55:28 [INFO] [org.springframework.context.support.PostProcessorRegistrationDelegate$BeanPostProcessorChecker:326] - Bean 'org.springframework.transaction.annotation.ProxyTransactionManagementConfiguration' of type [org.springframework.transaction.annotation.ProxyTransactionManagementConfiguration$$EnhancerBySpringCGLIB$$13825865] is not eligible for getting processed by all BeanPostProcessors (for example: not eligible for auto-proxying) 
2018-08-14 17:55:28 [INFO] [org.springframework.boot.web.embedded.tomcat.TomcatWebServer:91] - Tomcat initialized with port(s): 5200 (http) 
2018-08-14 17:55:28 [INFO] [org.springframework.boot.web.embedded.tomcat.TomcatWebServer:91] - Tomcat initialized with port(s): 5200 (http) 
2018-08-14 17:55:28 [INFO] [org.apache.juli.logging.DirectJDKLog:180] - Initializing ProtocolHandler ["http-nio-5200"] 
2018-08-14 17:55:28 [INFO] [org.apache.juli.logging.DirectJDKLog:180] - Starting service [Tomcat] 
2018-08-14 17:55:28 [INFO] [org.apache.juli.logging.DirectJDKLog:180] - Starting Servlet Engine: Apache Tomcat/8.5.32 
2018-08-14 17:55:28 [INFO] [org.apache.juli.logging.DirectJDKLog:180] - The APR based Apache Tomcat Native library which allows optimal performance in production environments was not found on the java.library.path: [D:\jdk1.8\install\bin;C:\Windows\Sun\Java\bin;C:\Windows\system32;C:\Windows;C:\Program Files (x86)\Common Files\Oracle\Java\javapath;C:\Windows\system32;C:\Windows;C:\Windows\System32\Wbem;C:\Windows\System32\WindowsPowerShell\v1.0\;C:\Program Files\MySQL\MySQL Utilities 1.6\;D:\svn\SVN\install\bin;.] 
2018-08-14 17:55:29 [INFO] [org.apache.juli.logging.DirectJDKLog:180] - Initializing Spring embedded WebApplicationContext 
2018-08-14 17:55:29 [INFO] [org.springframework.boot.web.servlet.context.ServletWebServerApplicationContext:285] - Root WebApplicationContext: initialization completed in 2404 ms 
2018-08-14 17:55:29 [INFO] [org.springframework.boot.web.servlet.context.ServletWebServerApplicationContext:285] - Root WebApplicationContext: initialization completed in 2404 ms 
2018-08-14 17:55:29 [INFO] [org.springframework.boot.web.servlet.ServletRegistrationBean:187] - Servlet dispatcherServlet mapped to [/] 
2018-08-14 17:55:29 [INFO] [org.springframework.boot.web.servlet.ServletRegistrationBean:187] - Servlet dispatcherServlet mapped to [/] 
2018-08-14 17:55:29 [INFO] [org.springframework.boot.web.servlet.AbstractFilterRegistrationBean:245] - Mapping filter: 'characterEncodingFilter' to: [/*] 
2018-08-14 17:55:29 [INFO] [org.springframework.boot.web.servlet.AbstractFilterRegistrationBean:245] - Mapping filter: 'characterEncodingFilter' to: [/*] 
2018-08-14 17:55:29 [INFO] [org.springframework.boot.web.servlet.AbstractFilterRegistrationBean:245] - Mapping filter: 'hiddenHttpMethodFilter' to: [/*] 
2018-08-14 17:55:29 [INFO] [org.springframework.boot.web.servlet.AbstractFilterRegistrationBean:245] - Mapping filter: 'hiddenHttpMethodFilter' to: [/*] 
2018-08-14 17:55:29 [INFO] [org.springframework.boot.web.servlet.AbstractFilterRegistrationBean:245] - Mapping filter: 'httpPutFormContentFilter' to: [/*] 
2018-08-14 17:55:29 [INFO] [org.springframework.boot.web.servlet.AbstractFilterRegistrationBean:245] - Mapping filter: 'httpPutFormContentFilter' to: [/*] 
2018-08-14 17:55:29 [INFO] [org.springframework.boot.web.servlet.AbstractFilterRegistrationBean:245] - Mapping filter: 'requestContextFilter' to: [/*] 
2018-08-14 17:55:29 [INFO] [org.springframework.boot.web.servlet.AbstractFilterRegistrationBean:245] - Mapping filter: 'requestContextFilter' to: [/*] 
2018-08-14 17:55:29 [INFO] [com.zaxxer.hikari.HikariDataSource:110] - HikariPool-1 - Starting... 
2018-08-14 17:55:29 [INFO] [com.zaxxer.hikari.HikariDataSource:123] - HikariPool-1 - Start completed. 
2018-08-14 17:55:30 [INFO] [org.springframework.orm.jpa.LocalContainerEntityManagerFactoryBean:361] - Building JPA container EntityManagerFactory for persistence unit 'default' 
2018-08-14 17:55:30 [INFO] [org.springframework.orm.jpa.LocalContainerEntityManagerFactoryBean:361] - Building JPA container EntityManagerFactory for persistence unit 'default' 
2018-08-14 17:55:30 [INFO] [org.hibernate.jpa.internal.util.LogHelper:31] - HHH000204: Processing PersistenceUnitInfo [
	name: default
	...] 
2018-08-14 17:55:30 [INFO] [org.hibernate.Version:45] - HHH000412: Hibernate Core {5.2.17.Final} 
2018-08-14 17:55:30 [INFO] [org.hibernate.cfg.Environment:213] - HHH000206: hibernate.properties not found 
2018-08-14 17:55:30 [INFO] [org.hibernate.annotations.common.reflection.java.JavaReflectionManager:66] - HCANN000001: Hibernate Commons Annotations {5.0.1.Final} 
2018-08-14 17:55:30 [INFO] [org.hibernate.dialect.Dialect:157] - HHH000400: Using dialect: org.hibernate.dialect.MySQL5Dialect 
2018-08-14 17:55:31 [INFO] [org.springframework.orm.jpa.AbstractEntityManagerFactoryBean:415] - Initialized JPA EntityManagerFactory for persistence unit 'default' 
2018-08-14 17:55:31 [INFO] [org.springframework.orm.jpa.AbstractEntityManagerFactoryBean:415] - Initialized JPA EntityManagerFactory for persistence unit 'default' 
2018-08-14 17:55:31 [INFO] [org.springframework.web.servlet.handler.AbstractUrlHandlerMapping:373] - Mapped URL path [/**/favicon.ico] onto handler of type [class org.springframework.web.servlet.resource.ResourceHttpRequestHandler] 
2018-08-14 17:55:31 [INFO] [org.springframework.web.servlet.handler.AbstractUrlHandlerMapping:373] - Mapped URL path [/**/favicon.ico] onto handler of type [class org.springframework.web.servlet.resource.ResourceHttpRequestHandler] 
2018-08-14 17:55:31 [INFO] [org.springframework.web.servlet.mvc.method.annotation.RequestMappingHandlerAdapter:574] - Looking for @ControllerAdvice: org.springframework.boot.web.servlet.context.AnnotationConfigServletWebServerApplicationContext@5b1ebf56: startup date [Tue Aug 14 17:55:26 CST 2018]; root of context hierarchy 
2018-08-14 17:55:31 [INFO] [org.springframework.web.servlet.mvc.method.annotation.RequestMappingHandlerAdapter:574] - Looking for @ControllerAdvice: org.springframework.boot.web.servlet.context.AnnotationConfigServletWebServerApplicationContext@5b1ebf56: startup date [Tue Aug 14 17:55:26 CST 2018]; root of context hierarchy 
2018-08-14 17:55:31 [WARN] [org.springframework.boot.autoconfigure.orm.jpa.JpaBaseConfiguration$JpaWebConfiguration$JpaWebMvcConfiguration:235] - spring.jpa.open-in-view is enabled by default. Therefore, database queries may be performed during view rendering. Explicitly configure spring.jpa.open-in-view to disable this warning 
2018-08-14 17:55:31 [WARN] [org.springframework.boot.autoconfigure.orm.jpa.JpaBaseConfiguration$JpaWebConfiguration$JpaWebMvcConfiguration:235] - spring.jpa.open-in-view is enabled by default. Therefore, database queries may be performed during view rendering. Explicitly configure spring.jpa.open-in-view to disable this warning 
2018-08-14 17:55:31 [INFO] [org.springframework.web.servlet.handler.AbstractHandlerMethodMapping$MappingRegistry:547] - Mapped "{[/test],methods=[GET]}" onto public java.lang.String com.huaxin.servers.controller.Test.test() 
2018-08-14 17:55:31 [INFO] [org.springframework.web.servlet.handler.AbstractHandlerMethodMapping$MappingRegistry:547] - Mapped "{[/test],methods=[GET]}" onto public java.lang.String com.huaxin.servers.controller.Test.test() 
2018-08-14 17:55:31 [INFO] [org.springframework.web.servlet.handler.AbstractHandlerMethodMapping$MappingRegistry:547] - Mapped "{[/error]}" onto public org.springframework.http.ResponseEntity<java.util.Map<java.lang.String, java.lang.Object>> org.springframework.boot.autoconfigure.web.servlet.error.BasicErrorController.error(javax.servlet.http.HttpServletRequest) 
2018-08-14 17:55:31 [INFO] [org.springframework.web.servlet.handler.AbstractHandlerMethodMapping$MappingRegistry:547] - Mapped "{[/error]}" onto public org.springframework.http.ResponseEntity<java.util.Map<java.lang.String, java.lang.Object>> org.springframework.boot.autoconfigure.web.servlet.error.BasicErrorController.error(javax.servlet.http.HttpServletRequest) 
2018-08-14 17:55:31 [INFO] [org.springframework.web.servlet.handler.AbstractHandlerMethodMapping$MappingRegistry:547] - Mapped "{[/error],produces=[text/html]}" onto public org.springframework.web.servlet.ModelAndView org.springframework.boot.autoconfigure.web.servlet.error.BasicErrorController.errorHtml(javax.servlet.http.HttpServletRequest,javax.servlet.http.HttpServletResponse) 
2018-08-14 17:55:31 [INFO] [org.springframework.web.servlet.handler.AbstractHandlerMethodMapping$MappingRegistry:547] - Mapped "{[/error],produces=[text/html]}" onto public org.springframework.web.servlet.ModelAndView org.springframework.boot.autoconfigure.web.servlet.error.BasicErrorController.errorHtml(javax.servlet.http.HttpServletRequest,javax.servlet.http.HttpServletResponse) 
2018-08-14 17:55:31 [INFO] [org.springframework.web.servlet.handler.AbstractUrlHandlerMapping:373] - Mapped URL path [/webjars/**] onto handler of type [class org.springframework.web.servlet.resource.ResourceHttpRequestHandler] 
2018-08-14 17:55:31 [INFO] [org.springframework.web.servlet.handler.AbstractUrlHandlerMapping:373] - Mapped URL path [/webjars/**] onto handler of type [class org.springframework.web.servlet.resource.ResourceHttpRequestHandler] 
2018-08-14 17:55:31 [INFO] [org.springframework.web.servlet.handler.AbstractUrlHandlerMapping:373] - Mapped URL path [/**] onto handler of type [class org.springframework.web.servlet.resource.ResourceHttpRequestHandler] 
2018-08-14 17:55:31 [INFO] [org.springframework.web.servlet.handler.AbstractUrlHandlerMapping:373] - Mapped URL path [/**] onto handler of type [class org.springframework.web.servlet.resource.ResourceHttpRequestHandler] 
2018-08-14 17:55:32 [INFO] [org.springframework.jmx.export.MBeanExporter:433] - Registering beans for JMX exposure on startup 
2018-08-14 17:55:32 [INFO] [org.springframework.jmx.export.MBeanExporter:433] - Registering beans for JMX exposure on startup 
2018-08-14 17:55:32 [INFO] [org.springframework.jmx.export.MBeanExporter:895] - Bean with name 'dataSource' has been autodetected for JMX exposure 
2018-08-14 17:55:32 [INFO] [org.springframework.jmx.export.MBeanExporter:895] - Bean with name 'dataSource' has been autodetected for JMX exposure 
2018-08-14 17:55:32 [INFO] [org.springframework.jmx.export.MBeanExporter:668] - Located MBean 'dataSource': registering with JMX server as MBean [com.zaxxer.hikari:name=dataSource,type=HikariDataSource] 
2018-08-14 17:55:32 [INFO] [org.springframework.jmx.export.MBeanExporter:668] - Located MBean 'dataSource': registering with JMX server as MBean [com.zaxxer.hikari:name=dataSource,type=HikariDataSource] 
2018-08-14 17:55:32 [INFO] [org.apache.juli.logging.DirectJDKLog:180] - Starting ProtocolHandler ["http-nio-5200"] 
2018-08-14 17:55:32 [INFO] [org.apache.juli.logging.DirectJDKLog:180] - Using a shared selector for servlet write/read 
2018-08-14 17:55:32 [INFO] [org.springframework.boot.web.embedded.tomcat.TomcatWebServer:206] - Tomcat started on port(s): 5200 (http) with context path '' 
2018-08-14 17:55:32 [INFO] [org.springframework.boot.web.embedded.tomcat.TomcatWebServer:206] - Tomcat started on port(s): 5200 (http) with context path '' 
2018-08-14 17:55:32 [INFO] [org.springframework.boot.StartupInfoLogger:59] - Started ServersApplication in 6.6 seconds (JVM running for 7.869) 
2018-08-14 17:55:41 [INFO] [org.apache.juli.logging.DirectJDKLog:180] - Initializing Spring FrameworkServlet 'dispatcherServlet' 
2018-08-14 17:55:41 [INFO] [org.springframework.web.servlet.FrameworkServlet:494] - FrameworkServlet 'dispatcherServlet': initialization started 
2018-08-14 17:55:41 [INFO] [org.springframework.web.servlet.FrameworkServlet:494] - FrameworkServlet 'dispatcherServlet': initialization started 
2018-08-14 17:55:41 [INFO] [org.springframework.web.servlet.FrameworkServlet:509] - FrameworkServlet 'dispatcherServlet': initialization completed in 36 ms 
2018-08-14 17:55:41 [INFO] [org.springframework.web.servlet.FrameworkServlet:509] - FrameworkServlet 'dispatcherServlet': initialization completed in 36 ms 
2018-08-14 17:55:41 [INFO] [com.huaxin.servers.aop.LogAOP:38] - 测试请求报文：[] 
2018-08-14 17:55:41 [INFO] [com.huaxin.servers.aop.LogAOP:41] - 测试返回报文："test" 
2018-08-14 17:55:41 [INFO] [com.huaxin.servers.aop.LogAOP:43] - 测试执行时长0.064s 
2018-08-14 17:56:09 [INFO] [org.springframework.boot.StartupInfoLogger:50] - Starting ServersApplication on DELL-PC17 with PID 8388 (E:\company\ServerApplications\servers\target\classes started by DELL in E:\company\ServerApplications) 
2018-08-14 17:56:09 [INFO] [org.springframework.boot.SpringApplication:662] - No active profile set, falling back to default profiles: default 
2018-08-14 17:56:09 [INFO] [org.springframework.context.support.AbstractApplicationContext:590] - Refreshing org.springframework.boot.web.servlet.context.AnnotationConfigServletWebServerApplicationContext@294a6b8e: startup date [Tue Aug 14 17:56:09 CST 2018]; root of context hierarchy 
2018-08-14 17:56:09 [INFO] [org.springframework.context.support.AbstractApplicationContext:590] - Refreshing org.springframework.boot.web.servlet.context.AnnotationConfigServletWebServerApplicationContext@294a6b8e: startup date [Tue Aug 14 17:56:09 CST 2018]; root of context hierarchy 
2018-08-14 17:56:10 [INFO] [org.springframework.context.support.PostProcessorRegistrationDelegate$BeanPostProcessorChecker:326] - Bean 'org.springframework.transaction.annotation.ProxyTransactionManagementConfiguration' of type [org.springframework.transaction.annotation.ProxyTransactionManagementConfiguration$$EnhancerBySpringCGLIB$$e341d627] is not eligible for getting processed by all BeanPostProcessors (for example: not eligible for auto-proxying) 
2018-08-14 17:56:10 [INFO] [org.springframework.context.support.PostProcessorRegistrationDelegate$BeanPostProcessorChecker:326] - Bean 'org.springframework.transaction.annotation.ProxyTransactionManagementConfiguration' of type [org.springframework.transaction.annotation.ProxyTransactionManagementConfiguration$$EnhancerBySpringCGLIB$$e341d627] is not eligible for getting processed by all BeanPostProcessors (for example: not eligible for auto-proxying) 
2018-08-14 17:56:11 [INFO] [org.springframework.boot.web.embedded.tomcat.TomcatWebServer:91] - Tomcat initialized with port(s): 5200 (http) 
2018-08-14 17:56:11 [INFO] [org.springframework.boot.web.embedded.tomcat.TomcatWebServer:91] - Tomcat initialized with port(s): 5200 (http) 
2018-08-14 17:56:11 [INFO] [org.apache.juli.logging.DirectJDKLog:180] - Initializing ProtocolHandler ["http-nio-5200"] 
2018-08-14 17:56:11 [INFO] [org.apache.juli.logging.DirectJDKLog:180] - Starting service [Tomcat] 
2018-08-14 17:56:11 [INFO] [org.apache.juli.logging.DirectJDKLog:180] - Starting Servlet Engine: Apache Tomcat/8.5.32 
2018-08-14 17:56:11 [INFO] [org.apache.juli.logging.DirectJDKLog:180] - The APR based Apache Tomcat Native library which allows optimal performance in production environments was not found on the java.library.path: [D:\jdk1.8\install\bin;C:\Windows\Sun\Java\bin;C:\Windows\system32;C:\Windows;C:\Program Files (x86)\Common Files\Oracle\Java\javapath;C:\Windows\system32;C:\Windows;C:\Windows\System32\Wbem;C:\Windows\System32\WindowsPowerShell\v1.0\;C:\Program Files\MySQL\MySQL Utilities 1.6\;D:\svn\SVN\install\bin;.] 
2018-08-14 17:56:11 [INFO] [org.apache.juli.logging.DirectJDKLog:180] - Initializing Spring embedded WebApplicationContext 
2018-08-14 17:56:11 [INFO] [org.springframework.boot.web.servlet.context.ServletWebServerApplicationContext:285] - Root WebApplicationContext: initialization completed in 2447 ms 
2018-08-14 17:56:11 [INFO] [org.springframework.boot.web.servlet.context.ServletWebServerApplicationContext:285] - Root WebApplicationContext: initialization completed in 2447 ms 
2018-08-14 17:56:11 [INFO] [org.springframework.boot.web.servlet.ServletRegistrationBean:187] - Servlet dispatcherServlet mapped to [/] 
2018-08-14 17:56:11 [INFO] [org.springframework.boot.web.servlet.ServletRegistrationBean:187] - Servlet dispatcherServlet mapped to [/] 
2018-08-14 17:56:11 [INFO] [org.springframework.boot.web.servlet.AbstractFilterRegistrationBean:245] - Mapping filter: 'characterEncodingFilter' to: [/*] 
2018-08-14 17:56:11 [INFO] [org.springframework.boot.web.servlet.AbstractFilterRegistrationBean:245] - Mapping filter: 'characterEncodingFilter' to: [/*] 
2018-08-14 17:56:11 [INFO] [org.springframework.boot.web.servlet.AbstractFilterRegistrationBean:245] - Mapping filter: 'hiddenHttpMethodFilter' to: [/*] 
2018-08-14 17:56:11 [INFO] [org.springframework.boot.web.servlet.AbstractFilterRegistrationBean:245] - Mapping filter: 'hiddenHttpMethodFilter' to: [/*] 
2018-08-14 17:56:11 [INFO] [org.springframework.boot.web.servlet.AbstractFilterRegistrationBean:245] - Mapping filter: 'httpPutFormContentFilter' to: [/*] 
2018-08-14 17:56:11 [INFO] [org.springframework.boot.web.servlet.AbstractFilterRegistrationBean:245] - Mapping filter: 'httpPutFormContentFilter' to: [/*] 
2018-08-14 17:56:11 [INFO] [org.springframework.boot.web.servlet.AbstractFilterRegistrationBean:245] - Mapping filter: 'requestContextFilter' to: [/*] 
2018-08-14 17:56:11 [INFO] [org.springframework.boot.web.servlet.AbstractFilterRegistrationBean:245] - Mapping filter: 'requestContextFilter' to: [/*] 
2018-08-14 17:56:11 [INFO] [com.zaxxer.hikari.HikariDataSource:110] - HikariPool-1 - Starting... 
2018-08-14 17:56:12 [INFO] [com.zaxxer.hikari.HikariDataSource:123] - HikariPool-1 - Start completed. 
2018-08-14 17:56:12 [INFO] [org.springframework.orm.jpa.LocalContainerEntityManagerFactoryBean:361] - Building JPA container EntityManagerFactory for persistence unit 'default' 
2018-08-14 17:56:12 [INFO] [org.springframework.orm.jpa.LocalContainerEntityManagerFactoryBean:361] - Building JPA container EntityManagerFactory for persistence unit 'default' 
2018-08-14 17:56:12 [INFO] [org.hibernate.jpa.internal.util.LogHelper:31] - HHH000204: Processing PersistenceUnitInfo [
	name: default
	...] 
2018-08-14 17:56:12 [INFO] [org.hibernate.Version:45] - HHH000412: Hibernate Core {5.2.17.Final} 
2018-08-14 17:56:12 [INFO] [org.hibernate.cfg.Environment:213] - HHH000206: hibernate.properties not found 
2018-08-14 17:56:12 [INFO] [org.hibernate.annotations.common.reflection.java.JavaReflectionManager:66] - HCANN000001: Hibernate Commons Annotations {5.0.1.Final} 
2018-08-14 17:56:12 [INFO] [org.hibernate.dialect.Dialect:157] - HHH000400: Using dialect: org.hibernate.dialect.MySQL5Dialect 
2018-08-14 17:56:13 [INFO] [org.springframework.orm.jpa.AbstractEntityManagerFactoryBean:415] - Initialized JPA EntityManagerFactory for persistence unit 'default' 
2018-08-14 17:56:13 [INFO] [org.springframework.orm.jpa.AbstractEntityManagerFactoryBean:415] - Initialized JPA EntityManagerFactory for persistence unit 'default' 
2018-08-14 17:56:13 [INFO] [org.springframework.web.servlet.handler.AbstractUrlHandlerMapping:373] - Mapped URL path [/**/favicon.ico] onto handler of type [class org.springframework.web.servlet.resource.ResourceHttpRequestHandler] 
2018-08-14 17:56:13 [INFO] [org.springframework.web.servlet.handler.AbstractUrlHandlerMapping:373] - Mapped URL path [/**/favicon.ico] onto handler of type [class org.springframework.web.servlet.resource.ResourceHttpRequestHandler] 
2018-08-14 17:56:13 [INFO] [org.springframework.web.servlet.mvc.method.annotation.RequestMappingHandlerAdapter:574] - Looking for @ControllerAdvice: org.springframework.boot.web.servlet.context.AnnotationConfigServletWebServerApplicationContext@294a6b8e: startup date [Tue Aug 14 17:56:09 CST 2018]; root of context hierarchy 
2018-08-14 17:56:13 [INFO] [org.springframework.web.servlet.mvc.method.annotation.RequestMappingHandlerAdapter:574] - Looking for @ControllerAdvice: org.springframework.boot.web.servlet.context.AnnotationConfigServletWebServerApplicationContext@294a6b8e: startup date [Tue Aug 14 17:56:09 CST 2018]; root of context hierarchy 
2018-08-14 17:56:14 [WARN] [org.springframework.boot.autoconfigure.orm.jpa.JpaBaseConfiguration$JpaWebConfiguration$JpaWebMvcConfiguration:235] - spring.jpa.open-in-view is enabled by default. Therefore, database queries may be performed during view rendering. Explicitly configure spring.jpa.open-in-view to disable this warning 
2018-08-14 17:56:14 [WARN] [org.springframework.boot.autoconfigure.orm.jpa.JpaBaseConfiguration$JpaWebConfiguration$JpaWebMvcConfiguration:235] - spring.jpa.open-in-view is enabled by default. Therefore, database queries may be performed during view rendering. Explicitly configure spring.jpa.open-in-view to disable this warning 
2018-08-14 17:56:14 [INFO] [org.springframework.web.servlet.handler.AbstractHandlerMethodMapping$MappingRegistry:547] - Mapped "{[/test],methods=[GET]}" onto public java.lang.String com.huaxin.servers.controller.Test.test() 
2018-08-14 17:56:14 [INFO] [org.springframework.web.servlet.handler.AbstractHandlerMethodMapping$MappingRegistry:547] - Mapped "{[/test],methods=[GET]}" onto public java.lang.String com.huaxin.servers.controller.Test.test() 
2018-08-14 17:56:14 [INFO] [org.springframework.web.servlet.handler.AbstractHandlerMethodMapping$MappingRegistry:547] - Mapped "{[/error]}" onto public org.springframework.http.ResponseEntity<java.util.Map<java.lang.String, java.lang.Object>> org.springframework.boot.autoconfigure.web.servlet.error.BasicErrorController.error(javax.servlet.http.HttpServletRequest) 
2018-08-14 17:56:14 [INFO] [org.springframework.web.servlet.handler.AbstractHandlerMethodMapping$MappingRegistry:547] - Mapped "{[/error]}" onto public org.springframework.http.ResponseEntity<java.util.Map<java.lang.String, java.lang.Object>> org.springframework.boot.autoconfigure.web.servlet.error.BasicErrorController.error(javax.servlet.http.HttpServletRequest) 
2018-08-14 17:56:14 [INFO] [org.springframework.web.servlet.handler.AbstractHandlerMethodMapping$MappingRegistry:547] - Mapped "{[/error],produces=[text/html]}" onto public org.springframework.web.servlet.ModelAndView org.springframework.boot.autoconfigure.web.servlet.error.BasicErrorController.errorHtml(javax.servlet.http.HttpServletRequest,javax.servlet.http.HttpServletResponse) 
2018-08-14 17:56:14 [INFO] [org.springframework.web.servlet.handler.AbstractHandlerMethodMapping$MappingRegistry:547] - Mapped "{[/error],produces=[text/html]}" onto public org.springframework.web.servlet.ModelAndView org.springframework.boot.autoconfigure.web.servlet.error.BasicErrorController.errorHtml(javax.servlet.http.HttpServletRequest,javax.servlet.http.HttpServletResponse) 
2018-08-14 17:56:14 [INFO] [org.springframework.web.servlet.handler.AbstractUrlHandlerMapping:373] - Mapped URL path [/webjars/**] onto handler of type [class org.springframework.web.servlet.resource.ResourceHttpRequestHandler] 
2018-08-14 17:56:14 [INFO] [org.springframework.web.servlet.handler.AbstractUrlHandlerMapping:373] - Mapped URL path [/webjars/**] onto handler of type [class org.springframework.web.servlet.resource.ResourceHttpRequestHandler] 
2018-08-14 17:56:14 [INFO] [org.springframework.web.servlet.handler.AbstractUrlHandlerMapping:373] - Mapped URL path [/**] onto handler of type [class org.springframework.web.servlet.resource.ResourceHttpRequestHandler] 
2018-08-14 17:56:14 [INFO] [org.springframework.web.servlet.handler.AbstractUrlHandlerMapping:373] - Mapped URL path [/**] onto handler of type [class org.springframework.web.servlet.resource.ResourceHttpRequestHandler] 
2018-08-14 17:56:14 [INFO] [org.springframework.jmx.export.MBeanExporter:433] - Registering beans for JMX exposure on startup 
2018-08-14 17:56:14 [INFO] [org.springframework.jmx.export.MBeanExporter:433] - Registering beans for JMX exposure on startup 
2018-08-14 17:56:14 [INFO] [org.springframework.jmx.export.MBeanExporter:895] - Bean with name 'dataSource' has been autodetected for JMX exposure 
2018-08-14 17:56:14 [INFO] [org.springframework.jmx.export.MBeanExporter:895] - Bean with name 'dataSource' has been autodetected for JMX exposure 
2018-08-14 17:56:14 [INFO] [org.springframework.jmx.export.MBeanExporter:668] - Located MBean 'dataSource': registering with JMX server as MBean [com.zaxxer.hikari:name=dataSource,type=HikariDataSource] 
2018-08-14 17:56:14 [INFO] [org.springframework.jmx.export.MBeanExporter:668] - Located MBean 'dataSource': registering with JMX server as MBean [com.zaxxer.hikari:name=dataSource,type=HikariDataSource] 
2018-08-14 17:56:14 [INFO] [org.apache.juli.logging.DirectJDKLog:180] - Starting ProtocolHandler ["http-nio-5200"] 
2018-08-14 17:56:14 [INFO] [org.apache.juli.logging.DirectJDKLog:180] - Using a shared selector for servlet write/read 
2018-08-14 17:56:14 [INFO] [org.springframework.boot.web.embedded.tomcat.TomcatWebServer:206] - Tomcat started on port(s): 5200 (http) with context path '' 
2018-08-14 17:56:14 [INFO] [org.springframework.boot.web.embedded.tomcat.TomcatWebServer:206] - Tomcat started on port(s): 5200 (http) with context path '' 
2018-08-14 17:56:14 [INFO] [org.springframework.boot.StartupInfoLogger:59] - Started ServersApplication in 6.401 seconds (JVM running for 7.655) 
2018-08-14 17:56:19 [INFO] [org.apache.juli.logging.DirectJDKLog:180] - Initializing Spring FrameworkServlet 'dispatcherServlet' 
2018-08-14 17:56:19 [INFO] [org.springframework.web.servlet.FrameworkServlet:494] - FrameworkServlet 'dispatcherServlet': initialization started 
2018-08-14 17:56:19 [INFO] [org.springframework.web.servlet.FrameworkServlet:494] - FrameworkServlet 'dispatcherServlet': initialization started 
2018-08-14 17:56:19 [INFO] [org.springframework.web.servlet.FrameworkServlet:509] - FrameworkServlet 'dispatcherServlet': initialization completed in 42 ms 
2018-08-14 17:56:19 [INFO] [org.springframework.web.servlet.FrameworkServlet:509] - FrameworkServlet 'dispatcherServlet': initialization completed in 42 ms 
2018-08-14 17:56:19 [INFO] [com.huaxin.servers.aop.LogAOP:38] - 测试请求报文：[] 
2018-08-14 17:56:19 [INFO] [com.huaxin.servers.aop.LogAOP:41] - 测试返回报文："test" 
2018-08-14 17:56:19 [INFO] [com.huaxin.servers.aop.LogAOP:43] - 测试执行时长0.078s 
